[2018-05-10T18:13:05.427] [INFO] red_social - Usuario 77777778A@uniovi.es identificado
[2018-05-10T18:13:28.323] [INFO] red_social - Usuario 77777778A@uniovi.es identificado
[2018-05-10T18:13:57.882] [INFO] red_social - Usuario adripc@live.com identificado
[2018-05-10T18:14:27.951] [INFO] red_social - Usuario adripc@live.com identificado
[2018-05-10T18:14:41.494] [INFO] red_social - Usuario adripc@live.com identificado
[2018-05-10T18:14:55.189] [INFO] red_social - Usuario 77777778A@uniovi.es identificado
[2018-05-10T18:15:20.618] [INFO] red_social - Usuario 77777778A@uniovi.es identificado
[2018-05-10T18:15:41.140] [INFO] red_social - Usuario adripc@live.com identificado
[2018-05-10T20:16:33.268] [INFO] red_social - Usuario 77777778A@uniovi.es identificado
[2018-05-10T20:16:40.236] [INFO] red_social - Usuario 77777778A@uniovi.es identificado
[2018-05-10T20:16:48.055] [INFO] red_social - Usuario adripc@live.com identificado
[2018-05-10T20:16:55.258] [INFO] red_social - Usuario adripc@live.com identificado
[2018-05-10T20:16:56.927] [INFO] red_social - Usuario adripc@live.com solicitó amistad a usuario 77777778A@uniovi.es
[2018-05-10T20:16:59.111] [INFO] red_social - Usuario adripc@live.com identificado
[2018-05-10T20:17:01.248] [INFO] red_social - Usuario 77777778A@uniovi.es identificado
[2018-05-10T20:17:05.712] [INFO] red_social - Usuario 77777778A@uniovi.es identificado
[2018-05-10T20:17:09.738] [INFO] red_social - Usuario 77777778A@uniovi.es acepto amistad de usuario adripc@live.com
[2018-05-10T20:17:12.999] [INFO] red_social - Usuario adripc@live.com identificado
[2018-05-11T12:44:11.340] [INFO] red_social - Usuario 77777778A@uniovi.es registrado
[2018-05-11T12:44:22.258] [INFO] red_social - Usuario 77777778A@uniovi.es identificado
[2018-05-11T12:44:34.747] [INFO] red_social - Usuario 77777778A@uniovi.es identificado
[2018-05-11T12:44:51.443] [INFO] red_social - Usuario adripc@live.com identificado
[2018-05-11T12:45:02.888] [INFO] red_social - Usuario adripc@live.com identificado
[2018-05-11T12:45:07.843] [INFO] red_social - Usuario adripc@live.com solicitó amistad a usuario 77777778A@uniovi.es
[2018-05-11T12:45:14.800] [INFO] red_social - Usuario adripc@live.com identificado
[2018-05-11T12:45:21.113] [INFO] red_social - Usuario 77777778A@uniovi.es identificado
[2018-05-11T12:45:30.573] [INFO] red_social - Usuario 77777778A@uniovi.es identificado
[2018-05-11T12:45:37.494] [INFO] red_social - Usuario 77777778A@uniovi.es acepto amistad de usuario adripc@live.com
[2018-05-11T12:45:42.490] [INFO] red_social - Usuario adripc@live.com identificado
